{"/home/dustin/generic/2_School/CMSC 495/frontend/frontend/src/api/authApi.ts": {"path":"/home/dustin/generic/2_School/CMSC 495/frontend/frontend/src/api/authApi.ts","statementMap":{"0":{"start":{"line":4,"column":0},"end":{"line":4,"column":42}},"1":{"start":{"line":9,"column":33},"end":{"line":9,"column":37}},"2":{"start":{"line":12,"column":30},"end":{"line":12,"column":47}},"3":{"start":{"line":12,"column":36},"end":{"line":12,"column":47}},"4":{"start":{"line":12,"column":13},"end":{"line":12,"column":30}},"5":{"start":{"line":15,"column":30},"end":{"line":17,"column":1}},"6":{"start":{"line":16,"column":2},"end":{"line":16,"column":22}},"7":{"start":{"line":15,"column":13},"end":{"line":15,"column":30}},"8":{"start":{"line":20,"column":29},"end":{"line":23,"column":1}},"9":{"start":{"line":21,"column":2},"end":{"line":21,"column":21}},"10":{"start":{"line":22,"column":2},"end":{"line":22,"column":34}},"11":{"start":{"line":20,"column":13},"end":{"line":20,"column":29}},"12":{"start":{"line":56,"column":28},"end":{"line":64,"column":2}},"13":{"start":{"line":56,"column":79},"end":{"line":64,"column":2}},"14":{"start":{"line":57,"column":2},"end":{"line":63,"column":3}},"15":{"start":{"line":58,"column":21},"end":{"line":58,"column":83}},"16":{"start":{"line":59,"column":4},"end":{"line":59,"column":25}},"17":{"start":{"line":62,"column":4},"end":{"line":62,"column":73}},"18":{"start":{"line":56,"column":13},"end":{"line":56,"column":28}},"19":{"start":{"line":67,"column":25},"end":{"line":78,"column":2}},"20":{"start":{"line":67,"column":76},"end":{"line":78,"column":2}},"21":{"start":{"line":68,"column":2},"end":{"line":77,"column":3}},"22":{"start":{"line":69,"column":21},"end":{"line":69,"column":80}},"23":{"start":{"line":71,"column":4},"end":{"line":73,"column":5}},"24":{"start":{"line":72,"column":6},"end":{"line":72,"column":49}},"25":{"start":{"line":74,"column":4},"end":{"line":74,"column":25}},"26":{"start":{"line":76,"column":4},"end":{"line":76,"column":66}},"27":{"start":{"line":67,"column":13},"end":{"line":67,"column":25}},"28":{"start":{"line":81,"column":26},"end":{"line":89,"column":2}},"29":{"start":{"line":81,"column":67},"end":{"line":89,"column":2}},"30":{"start":{"line":82,"column":2},"end":{"line":88,"column":3}},"31":{"start":{"line":83,"column":21},"end":{"line":83,"column":82}},"32":{"start":{"line":84,"column":4},"end":{"line":84,"column":20}},"33":{"start":{"line":85,"column":4},"end":{"line":85,"column":25}},"34":{"start":{"line":87,"column":4},"end":{"line":87,"column":37}},"35":{"start":{"line":81,"column":13},"end":{"line":81,"column":26}},"36":{"start":{"line":92,"column":36},"end":{"line":99,"column":2}},"37":{"start":{"line":92,"column":87},"end":{"line":99,"column":2}},"38":{"start":{"line":93,"column":2},"end":{"line":98,"column":3}},"39":{"start":{"line":94,"column":21},"end":{"line":94,"column":101}},"40":{"start":{"line":95,"column":4},"end":{"line":95,"column":25}},"41":{"start":{"line":97,"column":4},"end":{"line":97,"column":89}},"42":{"start":{"line":92,"column":13},"end":{"line":92,"column":36}},"43":{"start":{"line":102,"column":40},"end":{"line":124,"column":2}},"44":{"start":{"line":102,"column":108},"end":{"line":124,"column":2}},"45":{"start":{"line":103,"column":18},"end":{"line":103,"column":37}},"46":{"start":{"line":104,"column":2},"end":{"line":123,"column":3}},"47":{"start":{"line":107,"column":16},"end":{"line":109,"column":6}},"48":{"start":{"line":112,"column":4},"end":{"line":114,"column":5}},"49":{"start":{"line":113,"column":6},"end":{"line":113,"column":44}},"50":{"start":{"line":115,"column":4},"end":{"line":117,"column":5}},"51":{"start":{"line":116,"column":6},"end":{"line":116,"column":66}},"52":{"start":{"line":118,"column":4},"end":{"line":118,"column":20}},"53":{"start":{"line":120,"column":16},"end":{"line":120,"column":71}},"54":{"start":{"line":121,"column":4},"end":{"line":121,"column":48}},"55":{"start":{"line":122,"column":4},"end":{"line":122,"column":25}},"56":{"start":{"line":102,"column":13},"end":{"line":102,"column":40}},"57":{"start":{"line":127,"column":34},"end":{"line":138,"column":2}},"58":{"start":{"line":127,"column":62},"end":{"line":138,"column":2}},"59":{"start":{"line":128,"column":2},"end":{"line":137,"column":3}},"60":{"start":{"line":131,"column":16},"end":{"line":131,"column":83}},"61":{"start":{"line":132,"column":4},"end":{"line":132,"column":42}},"62":{"start":{"line":133,"column":4},"end":{"line":133,"column":33}},"63":{"start":{"line":135,"column":4},"end":{"line":135,"column":20}},"64":{"start":{"line":136,"column":4},"end":{"line":136,"column":61}},"65":{"start":{"line":127,"column":13},"end":{"line":127,"column":34}}},"fnMap":{"0":{"name":"(anonymous_7)","decl":{"start":{"line":12,"column":30},"end":{"line":12,"column":33}},"loc":{"start":{"line":12,"column":36},"end":{"line":12,"column":47}}},"1":{"name":"(anonymous_8)","decl":{"start":{"line":15,"column":30},"end":{"line":15,"column":31}},"loc":{"start":{"line":15,"column":48},"end":{"line":17,"column":1}}},"2":{"name":"(anonymous_9)","decl":{"start":{"line":20,"column":29},"end":{"line":20,"column":32}},"loc":{"start":{"line":20,"column":34},"end":{"line":23,"column":1}}},"3":{"name":"(anonymous_10)","decl":{"start":{"line":56,"column":28},"end":{"line":56,"column":35}},"loc":{"start":{"line":56,"column":79},"end":{"line":64,"column":2}}},"4":{"name":"(anonymous_11)","decl":{"start":{"line":56,"column":79},"end":{"line":56,"column":null}},"loc":{"start":{"line":56,"column":79},"end":{"line":64,"column":1}}},"5":{"name":"(anonymous_12)","decl":{"start":{"line":67,"column":25},"end":{"line":67,"column":32}},"loc":{"start":{"line":67,"column":76},"end":{"line":78,"column":2}}},"6":{"name":"(anonymous_13)","decl":{"start":{"line":67,"column":76},"end":{"line":67,"column":null}},"loc":{"start":{"line":67,"column":76},"end":{"line":78,"column":1}}},"7":{"name":"(anonymous_14)","decl":{"start":{"line":81,"column":26},"end":{"line":81,"column":65}},"loc":{"start":{"line":81,"column":67},"end":{"line":89,"column":2}}},"8":{"name":"(anonymous_15)","decl":{"start":{"line":81,"column":67},"end":{"line":81,"column":null}},"loc":{"start":{"line":81,"column":67},"end":{"line":89,"column":1}}},"9":{"name":"(anonymous_16)","decl":{"start":{"line":92,"column":36},"end":{"line":92,"column":43}},"loc":{"start":{"line":92,"column":87},"end":{"line":99,"column":2}}},"10":{"name":"(anonymous_17)","decl":{"start":{"line":92,"column":87},"end":{"line":92,"column":null}},"loc":{"start":{"line":92,"column":87},"end":{"line":99,"column":1}}},"11":{"name":"(anonymous_18)","decl":{"start":{"line":102,"column":40},"end":{"line":102,"column":47}},"loc":{"start":{"line":102,"column":108},"end":{"line":124,"column":2}}},"12":{"name":"(anonymous_19)","decl":{"start":{"line":102,"column":108},"end":{"line":102,"column":null}},"loc":{"start":{"line":102,"column":108},"end":{"line":124,"column":1}}},"13":{"name":"(anonymous_20)","decl":{"start":{"line":127,"column":34},"end":{"line":127,"column":60}},"loc":{"start":{"line":127,"column":62},"end":{"line":138,"column":2}}},"14":{"name":"(anonymous_21)","decl":{"start":{"line":127,"column":62},"end":{"line":127,"column":null}},"loc":{"start":{"line":127,"column":62},"end":{"line":138,"column":1}}}},"branchMap":{"0":{"loc":{"start":{"line":62,"column":20},"end":{"line":62,"column":71}},"type":"binary-expr","locations":[{"start":{"line":62,"column":20},"end":{"line":62,"column":46}},{"start":{"line":62,"column":50},"end":{"line":62,"column":71}}]},"1":{"loc":{"start":{"line":62,"column":20},"end":{"line":62,"column":46}},"type":"cond-expr","locations":[{"start":{"line":62,"column":38},"end":{"line":62,"column":40}},{"start":{"line":62,"column":38},"end":{"line":62,"column":46}}]},"2":{"loc":{"start":{"line":62,"column":20},"end":{"line":62,"column":40}},"type":"binary-expr","locations":[{"start":{"line":62,"column":20},"end":{"line":62,"column":40}},{"start":{"line":62,"column":38},"end":{"line":62,"column":40}}]},"3":{"loc":{"start":{"line":62,"column":20},"end":{"line":62,"column":38}},"type":"cond-expr","locations":[{"start":{"line":62,"column":32},"end":{"line":62,"column":34}},{"start":{"line":62,"column":32},"end":{"line":62,"column":38}}]},"4":{"loc":{"start":{"line":62,"column":20},"end":{"line":62,"column":34}},"type":"binary-expr","locations":[{"start":{"line":62,"column":20},"end":{"line":62,"column":34}},{"start":{"line":62,"column":32},"end":{"line":62,"column":34}}]},"5":{"loc":{"start":{"line":71,"column":4},"end":{"line":73,"column":5}},"type":"if","locations":[{"start":{"line":71,"column":4},"end":{"line":73,"column":5}}]},"6":{"loc":{"start":{"line":76,"column":20},"end":{"line":76,"column":64}},"type":"binary-expr","locations":[{"start":{"line":76,"column":20},"end":{"line":76,"column":46}},{"start":{"line":76,"column":50},"end":{"line":76,"column":64}}]},"7":{"loc":{"start":{"line":76,"column":20},"end":{"line":76,"column":46}},"type":"cond-expr","locations":[{"start":{"line":76,"column":38},"end":{"line":76,"column":40}},{"start":{"line":76,"column":38},"end":{"line":76,"column":46}}]},"8":{"loc":{"start":{"line":76,"column":20},"end":{"line":76,"column":40}},"type":"binary-expr","locations":[{"start":{"line":76,"column":20},"end":{"line":76,"column":40}},{"start":{"line":76,"column":38},"end":{"line":76,"column":40}}]},"9":{"loc":{"start":{"line":76,"column":20},"end":{"line":76,"column":38}},"type":"cond-expr","locations":[{"start":{"line":76,"column":32},"end":{"line":76,"column":34}},{"start":{"line":76,"column":32},"end":{"line":76,"column":38}}]},"10":{"loc":{"start":{"line":76,"column":20},"end":{"line":76,"column":34}},"type":"binary-expr","locations":[{"start":{"line":76,"column":20},"end":{"line":76,"column":34}},{"start":{"line":76,"column":32},"end":{"line":76,"column":34}}]},"11":{"loc":{"start":{"line":97,"column":20},"end":{"line":97,"column":87}},"type":"binary-expr","locations":[{"start":{"line":97,"column":20},"end":{"line":97,"column":46}},{"start":{"line":97,"column":50},"end":{"line":97,"column":87}}]},"12":{"loc":{"start":{"line":97,"column":20},"end":{"line":97,"column":46}},"type":"cond-expr","locations":[{"start":{"line":97,"column":38},"end":{"line":97,"column":40}},{"start":{"line":97,"column":38},"end":{"line":97,"column":46}}]},"13":{"loc":{"start":{"line":97,"column":20},"end":{"line":97,"column":40}},"type":"binary-expr","locations":[{"start":{"line":97,"column":20},"end":{"line":97,"column":40}},{"start":{"line":97,"column":38},"end":{"line":97,"column":40}}]},"14":{"loc":{"start":{"line":97,"column":20},"end":{"line":97,"column":38}},"type":"cond-expr","locations":[{"start":{"line":97,"column":32},"end":{"line":97,"column":34}},{"start":{"line":97,"column":32},"end":{"line":97,"column":38}}]},"15":{"loc":{"start":{"line":97,"column":20},"end":{"line":97,"column":34}},"type":"binary-expr","locations":[{"start":{"line":97,"column":20},"end":{"line":97,"column":34}},{"start":{"line":97,"column":32},"end":{"line":97,"column":34}}]},"16":{"loc":{"start":{"line":112,"column":4},"end":{"line":114,"column":5}},"type":"if","locations":[{"start":{"line":112,"column":4},"end":{"line":114,"column":5}}]},"17":{"loc":{"start":{"line":115,"column":4},"end":{"line":117,"column":5}},"type":"if","locations":[{"start":{"line":115,"column":4},"end":{"line":117,"column":5}}]},"18":{"loc":{"start":{"line":120,"column":16},"end":{"line":120,"column":71}},"type":"binary-expr","locations":[{"start":{"line":120,"column":16},"end":{"line":120,"column":44}},{"start":{"line":120,"column":48},"end":{"line":120,"column":71}}]},"19":{"loc":{"start":{"line":120,"column":16},"end":{"line":120,"column":44}},"type":"cond-expr","locations":[{"start":{"line":120,"column":36},"end":{"line":120,"column":38}},{"start":{"line":120,"column":36},"end":{"line":120,"column":44}}]},"20":{"loc":{"start":{"line":120,"column":16},"end":{"line":120,"column":38}},"type":"binary-expr","locations":[{"start":{"line":120,"column":16},"end":{"line":120,"column":38}},{"start":{"line":120,"column":36},"end":{"line":120,"column":38}}]},"21":{"loc":{"start":{"line":120,"column":16},"end":{"line":120,"column":36}},"type":"cond-expr","locations":[{"start":{"line":120,"column":30},"end":{"line":120,"column":32}},{"start":{"line":120,"column":30},"end":{"line":120,"column":36}}]},"22":{"loc":{"start":{"line":120,"column":16},"end":{"line":120,"column":32}},"type":"binary-expr","locations":[{"start":{"line":120,"column":16},"end":{"line":120,"column":32}},{"start":{"line":120,"column":30},"end":{"line":120,"column":32}}]}},"s":{"0":0,"1":0,"2":0,"3":0,"4":0,"5":0,"6":0,"7":0,"8":0,"9":0,"10":0,"11":0,"12":0,"13":0,"14":0,"15":0,"16":0,"17":0,"18":0,"19":0,"20":0,"21":0,"22":0,"23":0,"24":0,"25":0,"26":0,"27":0,"28":0,"29":0,"30":0,"31":0,"32":0,"33":0,"34":0,"35":0,"36":0,"37":0,"38":0,"39":0,"40":0,"41":0,"42":0,"43":0,"44":0,"45":0,"46":0,"47":0,"48":0,"49":0,"50":0,"51":0,"52":0,"53":0,"54":0,"55":0,"56":0,"57":0,"58":0,"59":0,"60":0,"61":0,"62":0,"63":0,"64":0,"65":0},"f":{"0":0,"1":0,"2":0,"3":0,"4":0,"5":0,"6":0,"7":0,"8":0,"9":0,"10":0,"11":0,"12":0,"13":0,"14":0},"b":{"0":[0,0],"1":[0,0],"2":[0,0],"3":[0,0],"4":[0,0],"5":[0],"6":[0,0],"7":[0,0],"8":[0,0],"9":[0,0],"10":[0,0],"11":[0,0],"12":[0,0],"13":[0,0],"14":[0,0],"15":[0,0],"16":[0],"17":[0],"18":[0,0],"19":[0,0],"20":[0,0],"21":[0,0],"22":[0,0]}}
,"/home/dustin/generic/2_School/CMSC 495/frontend/frontend/src/api/predictionAPI.ts": {"path":"/home/dustin/generic/2_School/CMSC 495/frontend/frontend/src/api/predictionAPI.ts","statementMap":{"0":{"start":{"line":29,"column":0},"end":{"line":29,"column":22}},"1":{"start":{"line":1,"column":0},"end":{"line":1,"column":42}},"2":{"start":{"line":17,"column":13},"end":{"line":23,"column":null}},"3":{"start":{"line":32,"column":2},"end":{"line":42,"column":3}},"4":{"start":{"line":33,"column":21},"end":{"line":35,"column":null}},"5":{"start":{"line":37,"column":4},"end":{"line":37,"column":25}},"6":{"start":{"line":39,"column":4},"end":{"line":39,"column":54}},"7":{"start":{"line":41,"column":4},"end":{"line":41,"column":38}}},"fnMap":{"0":{"name":"getHandPrediction","decl":{"start":{"line":29,"column":22},"end":{"line":29,"column":39}},"loc":{"start":{"line":30,"column":21},"end":{"line":43,"column":null}}}},"branchMap":{},"s":{"0":0,"1":0,"2":0,"3":0,"4":0,"5":0,"6":0,"7":0},"f":{"0":0},"b":{}}
,"/home/dustin/generic/2_School/CMSC 495/frontend/frontend/src/utils/formatters/FormatPhoneNumber.ts": {"path":"/home/dustin/generic/2_School/CMSC 495/frontend/frontend/src/utils/formatters/FormatPhoneNumber.ts","statementMap":{"0":{"start":{"line":4,"column":32},"end":{"line":14,"column":3}},"1":{"start":{"line":5,"column":20},"end":{"line":5,"column":57}},"2":{"start":{"line":7,"column":18},"end":{"line":7,"column":37}},"3":{"start":{"line":8,"column":18},"end":{"line":8,"column":37}},"4":{"start":{"line":9,"column":18},"end":{"line":9,"column":38}},"5":{"start":{"line":11,"column":4},"end":{"line":11,"column":41}},"6":{"start":{"line":11,"column":28},"end":{"line":11,"column":41}},"7":{"start":{"line":12,"column":4},"end":{"line":12,"column":57}},"8":{"start":{"line":12,"column":28},"end":{"line":12,"column":57}},"9":{"start":{"line":13,"column":4},"end":{"line":13,"column":42}},"10":{"start":{"line":4,"column":13},"end":{"line":4,"column":32}},"11":{"start":{"line":18,"column":33},"end":{"line":27,"column":1}},"12":{"start":{"line":19,"column":18},"end":{"line":19,"column":42}},"13":{"start":{"line":20,"column":16},"end":{"line":20,"column":56}},"14":{"start":{"line":22,"column":2},"end":{"line":24,"column":3}},"15":{"start":{"line":23,"column":4},"end":{"line":23,"column":51}},"16":{"start":{"line":26,"column":2},"end":{"line":26,"column":15}},"17":{"start":{"line":18,"column":13},"end":{"line":18,"column":33}},"18":{"start":{"line":29,"column":36},"end":{"line":30,"column":30}},"19":{"start":{"line":30,"column":2},"end":{"line":30,"column":30}},"20":{"start":{"line":29,"column":13},"end":{"line":29,"column":36}}},"fnMap":{"0":{"name":"(anonymous_0)","decl":{"start":{"line":4,"column":32},"end":{"line":4,"column":33}},"loc":{"start":{"line":4,"column":58},"end":{"line":14,"column":3}}},"1":{"name":"(anonymous_1)","decl":{"start":{"line":18,"column":33},"end":{"line":18,"column":34}},"loc":{"start":{"line":18,"column":59},"end":{"line":27,"column":1}}},"2":{"name":"(anonymous_2)","decl":{"start":{"line":29,"column":36},"end":{"line":29,"column":37}},"loc":{"start":{"line":30,"column":2},"end":{"line":30,"column":30}}}},"branchMap":{"0":{"loc":{"start":{"line":11,"column":4},"end":{"line":11,"column":41}},"type":"if","locations":[{"start":{"line":11,"column":4},"end":{"line":11,"column":41}}]},"1":{"loc":{"start":{"line":12,"column":4},"end":{"line":12,"column":57}},"type":"if","locations":[{"start":{"line":12,"column":4},"end":{"line":12,"column":57}}]},"2":{"loc":{"start":{"line":22,"column":2},"end":{"line":24,"column":3}},"type":"if","locations":[{"start":{"line":22,"column":2},"end":{"line":24,"column":3}}]}},"s":{"0":0,"1":0,"2":0,"3":0,"4":0,"5":0,"6":0,"7":0,"8":0,"9":0,"10":0,"11":0,"12":0,"13":0,"14":0,"15":0,"16":0,"17":0,"18":0,"19":0,"20":0},"f":{"0":0,"1":0,"2":0},"b":{"0":[0],"1":[0],"2":[0]}}
,"/home/dustin/generic/2_School/CMSC 495/frontend/frontend/src/utils/validation/authValidation.ts": {"path":"/home/dustin/generic/2_School/CMSC 495/frontend/frontend/src/utils/validation/authValidation.ts","statementMap":{"0":{"start":{"line":1,"column":0},"end":{"line":1,"column":71}},"1":{"start":{"line":14,"column":41},"end":{"line":39,"column":3}},"2":{"start":{"line":15,"column":46},"end":{"line":15,"column":48}},"3":{"start":{"line":16,"column":16},"end":{"line":16,"column":38}},"4":{"start":{"line":18,"column":4},"end":{"line":36,"column":5}},"5":{"start":{"line":19,"column":6},"end":{"line":21,"column":30}},"6":{"start":{"line":22,"column":11},"end":{"line":36,"column":5}},"7":{"start":{"line":24,"column":25},"end":{"line":24,"column":50}},"8":{"start":{"line":25,"column":6},"end":{"line":29,"column":7}},"9":{"start":{"line":26,"column":8},"end":{"line":26,"column":68}},"10":{"start":{"line":27,"column":13},"end":{"line":29,"column":7}},"11":{"start":{"line":28,"column":8},"end":{"line":28,"column":69}},"12":{"start":{"line":32,"column":25},"end":{"line":32,"column":53}},"13":{"start":{"line":33,"column":6},"end":{"line":35,"column":7}},"14":{"start":{"line":34,"column":8},"end":{"line":34,"column":51}},"15":{"start":{"line":38,"column":4},"end":{"line":38,"column":18}},"16":{"start":{"line":14,"column":13},"end":{"line":14,"column":41}},"17":{"start":{"line":41,"column":30},"end":{"line":68,"column":1}},"18":{"start":{"line":42,"column":41},"end":{"line":42,"column":43}},"19":{"start":{"line":43,"column":16},"end":{"line":43,"column":38}},"20":{"start":{"line":45,"column":2},"end":{"line":61,"column":3}},"21":{"start":{"line":46,"column":4},"end":{"line":48,"column":28}},"22":{"start":{"line":49,"column":9},"end":{"line":61,"column":3}},"23":{"start":{"line":50,"column":16},"end":{"line":50,"column":43}},"24":{"start":{"line":51,"column":4},"end":{"line":55,"column":5}},"25":{"start":{"line":52,"column":6},"end":{"line":52,"column":67}},"26":{"start":{"line":53,"column":11},"end":{"line":55,"column":5}},"27":{"start":{"line":54,"column":6},"end":{"line":54,"column":67}},"28":{"start":{"line":57,"column":23},"end":{"line":57,"column":51}},"29":{"start":{"line":58,"column":4},"end":{"line":60,"column":5}},"30":{"start":{"line":59,"column":6},"end":{"line":59,"column":49}},"31":{"start":{"line":63,"column":2},"end":{"line":65,"column":3}},"32":{"start":{"line":64,"column":4},"end":{"line":64,"column":45}},"33":{"start":{"line":67,"column":2},"end":{"line":67,"column":16}},"34":{"start":{"line":41,"column":13},"end":{"line":41,"column":30}},"35":{"start":{"line":70,"column":30},"end":{"line":80,"column":1}},"36":{"start":{"line":71,"column":17},"end":{"line":71,"column":37}},"37":{"start":{"line":73,"column":2},"end":{"line":77,"column":3}},"38":{"start":{"line":74,"column":4},"end":{"line":74,"column":60}},"39":{"start":{"line":75,"column":9},"end":{"line":77,"column":3}},"40":{"start":{"line":76,"column":4},"end":{"line":76,"column":54}},"41":{"start":{"line":79,"column":2},"end":{"line":79,"column":16}},"42":{"start":{"line":70,"column":13},"end":{"line":70,"column":30}}},"fnMap":{"0":{"name":"(anonymous_0)","decl":{"start":{"line":14,"column":41},"end":{"line":14,"column":42}},"loc":{"start":{"line":14,"column":93},"end":{"line":39,"column":3}}},"1":{"name":"(anonymous_1)","decl":{"start":{"line":41,"column":30},"end":{"line":41,"column":31}},"loc":{"start":{"line":41,"column":55},"end":{"line":68,"column":1}}},"2":{"name":"(anonymous_2)","decl":{"start":{"line":70,"column":30},"end":{"line":70,"column":31}},"loc":{"start":{"line":70,"column":55},"end":{"line":80,"column":1}}}},"branchMap":{"0":{"loc":{"start":{"line":18,"column":4},"end":{"line":36,"column":5}},"type":"if","locations":[{"start":{"line":18,"column":4},"end":{"line":36,"column":5}},{"start":{"line":22,"column":11},"end":{"line":36,"column":5}}]},"1":{"loc":{"start":{"line":19,"column":26},"end":{"line":21,"column":29}},"type":"cond-expr","locations":[{"start":{"line":20,"column":10},"end":{"line":20,"column":36}},{"start":{"line":21,"column":10},"end":{"line":21,"column":29}}]},"2":{"loc":{"start":{"line":22,"column":11},"end":{"line":36,"column":5}},"type":"if","locations":[{"start":{"line":22,"column":11},"end":{"line":36,"column":5}},{"start":{"line":30,"column":11},"end":{"line":36,"column":5}}]},"3":{"loc":{"start":{"line":25,"column":6},"end":{"line":29,"column":7}},"type":"if","locations":[{"start":{"line":25,"column":6},"end":{"line":29,"column":7}},{"start":{"line":27,"column":13},"end":{"line":29,"column":7}}]},"4":{"loc":{"start":{"line":27,"column":13},"end":{"line":29,"column":7}},"type":"if","locations":[{"start":{"line":27,"column":13},"end":{"line":29,"column":7}}]},"5":{"loc":{"start":{"line":33,"column":6},"end":{"line":35,"column":7}},"type":"if","locations":[{"start":{"line":33,"column":6},"end":{"line":35,"column":7}}]},"6":{"loc":{"start":{"line":45,"column":2},"end":{"line":61,"column":3}},"type":"if","locations":[{"start":{"line":45,"column":2},"end":{"line":61,"column":3}},{"start":{"line":49,"column":9},"end":{"line":61,"column":3}}]},"7":{"loc":{"start":{"line":46,"column":24},"end":{"line":48,"column":27}},"type":"cond-expr","locations":[{"start":{"line":47,"column":8},"end":{"line":47,"column":34}},{"start":{"line":48,"column":8},"end":{"line":48,"column":27}}]},"8":{"loc":{"start":{"line":49,"column":9},"end":{"line":61,"column":3}},"type":"if","locations":[{"start":{"line":49,"column":9},"end":{"line":61,"column":3}},{"start":{"line":56,"column":9},"end":{"line":61,"column":3}}]},"9":{"loc":{"start":{"line":51,"column":4},"end":{"line":55,"column":5}},"type":"if","locations":[{"start":{"line":51,"column":4},"end":{"line":55,"column":5}},{"start":{"line":53,"column":11},"end":{"line":55,"column":5}}]},"10":{"loc":{"start":{"line":53,"column":11},"end":{"line":55,"column":5}},"type":"if","locations":[{"start":{"line":53,"column":11},"end":{"line":55,"column":5}}]},"11":{"loc":{"start":{"line":58,"column":4},"end":{"line":60,"column":5}},"type":"if","locations":[{"start":{"line":58,"column":4},"end":{"line":60,"column":5}}]},"12":{"loc":{"start":{"line":63,"column":2},"end":{"line":65,"column":3}},"type":"if","locations":[{"start":{"line":63,"column":2},"end":{"line":65,"column":3}}]},"13":{"loc":{"start":{"line":73,"column":2},"end":{"line":77,"column":3}},"type":"if","locations":[{"start":{"line":73,"column":2},"end":{"line":77,"column":3}},{"start":{"line":75,"column":9},"end":{"line":77,"column":3}}]},"14":{"loc":{"start":{"line":75,"column":9},"end":{"line":77,"column":3}},"type":"if","locations":[{"start":{"line":75,"column":9},"end":{"line":77,"column":3}}]}},"s":{"0":0,"1":0,"2":0,"3":0,"4":0,"5":0,"6":0,"7":0,"8":0,"9":0,"10":0,"11":0,"12":0,"13":0,"14":0,"15":0,"16":0,"17":0,"18":0,"19":0,"20":0,"21":0,"22":0,"23":0,"24":0,"25":0,"26":0,"27":0,"28":0,"29":0,"30":0,"31":0,"32":0,"33":0,"34":0,"35":0,"36":0,"37":0,"38":0,"39":0,"40":0,"41":0,"42":0},"f":{"0":0,"1":0,"2":0},"b":{"0":[0,0],"1":[0,0],"2":[0,0],"3":[0,0],"4":[0],"5":[0],"6":[0,0],"7":[0,0],"8":[0,0],"9":[0,0],"10":[0],"11":[0],"12":[0],"13":[0,0],"14":[0]}}
,"/home/dustin/generic/2_School/CMSC 495/frontend/frontend/src/utils/validation/index.ts": {"path":"/home/dustin/generic/2_School/CMSC 495/frontend/frontend/src/utils/validation/index.ts","statementMap":{"0":{"start":{"line":3,"column":0},"end":{"line":3,"column":33}},"1":{"start":{"line":4,"column":0},"end":{"line":4,"column":29}}},"fnMap":{},"branchMap":{},"s":{"0":0,"1":0},"f":{},"b":{}}
,"/home/dustin/generic/2_School/CMSC 495/frontend/frontend/src/utils/validation/validators.ts": {"path":"/home/dustin/generic/2_School/CMSC 495/frontend/frontend/src/utils/validation/validators.ts","statementMap":{"0":{"start":{"line":1,"column":28},"end":{"line":2,"column":51}},"1":{"start":{"line":2,"column":4},"end":{"line":2,"column":51}},"2":{"start":{"line":1,"column":13},"end":{"line":1,"column":28}},"3":{"start":{"line":4,"column":28},"end":{"line":5,"column":26}},"4":{"start":{"line":5,"column":4},"end":{"line":5,"column":26}},"5":{"start":{"line":4,"column":13},"end":{"line":4,"column":28}},"6":{"start":{"line":7,"column":32},"end":{"line":8,"column":58}},"7":{"start":{"line":8,"column":4},"end":{"line":8,"column":58}},"8":{"start":{"line":7,"column":13},"end":{"line":7,"column":32}}},"fnMap":{"0":{"name":"(anonymous_0)","decl":{"start":{"line":1,"column":28},"end":{"line":1,"column":29}},"loc":{"start":{"line":2,"column":4},"end":{"line":2,"column":51}}},"1":{"name":"(anonymous_1)","decl":{"start":{"line":4,"column":28},"end":{"line":4,"column":29}},"loc":{"start":{"line":5,"column":4},"end":{"line":5,"column":26}}},"2":{"name":"(anonymous_2)","decl":{"start":{"line":7,"column":32},"end":{"line":7,"column":33}},"loc":{"start":{"line":8,"column":4},"end":{"line":8,"column":58}}}},"branchMap":{},"s":{"0":0,"1":0,"2":0,"3":0,"4":0,"5":0,"6":0,"7":0,"8":0},"f":{"0":0,"1":0,"2":0},"b":{}}
,"/home/dustin/generic/2_School/CMSC 495/frontend/frontend/src/workers/handPredictor.worker.ts": {"path":"/home/dustin/generic/2_School/CMSC 495/frontend/frontend/src/workers/handPredictor.worker.ts","statementMap":{"0":{"start":{"line":2,"column":0},"end":{"line":2,"column":82}},"1":{"start":{"line":6,"column":2},"end":{"line":13,"column":4}},"2":{"start":{"line":16,"column":0},"end":{"line":42,"column":2}},"3":{"start":{"line":16,"column":53},"end":{"line":42,"column":2}},"4":{"start":{"line":17,"column":20},"end":{"line":17,"column":26}},"5":{"start":{"line":18,"column":2},"end":{"line":41,"column":3}},"6":{"start":{"line":19,"column":22},"end":{"line":19,"column":56}},"7":{"start":{"line":20,"column":4},"end":{"line":34,"column":5}},"8":{"start":{"line":21,"column":6},"end":{"line":21,"column":48}},"9":{"start":{"line":23,"column":6},"end":{"line":23,"column":69}},"10":{"start":{"line":24,"column":6},"end":{"line":33,"column":9}},"11":{"start":{"line":36,"column":4},"end":{"line":36,"column":59}},"12":{"start":{"line":37,"column":4},"end":{"line":40,"column":7}}},"fnMap":{"0":{"name":"isPredictionResponse","decl":{"start":{"line":5,"column":9},"end":{"line":5,"column":29}},"loc":{"start":{"line":5,"column":36},"end":{"line":14,"column":1}}},"1":{"name":"(anonymous_8)","decl":{"start":{"line":16,"column":17},"end":{"line":16,"column":24}},"loc":{"start":{"line":16,"column":53},"end":{"line":42,"column":2}}},"2":{"name":"(anonymous_9)","decl":{"start":{"line":16,"column":53},"end":{"line":16,"column":null}},"loc":{"start":{"line":16,"column":53},"end":{"line":42,"column":1}}}},"branchMap":{"0":{"loc":{"start":{"line":7,"column":4},"end":{"line":12,"column":39}},"type":"binary-expr","locations":[{"start":{"line":7,"column":4},"end":{"line":7,"column":13}},{"start":{"line":8,"column":4},"end":{"line":8,"column":36}},{"start":{"line":9,"column":4},"end":{"line":9,"column":36}},{"start":{"line":10,"column":4},"end":{"line":10,"column":34}},{"start":{"line":11,"column":4},"end":{"line":11,"column":41}},{"start":{"line":12,"column":4},"end":{"line":12,"column":39}}]},"1":{"loc":{"start":{"line":20,"column":4},"end":{"line":34,"column":5}},"type":"if","locations":[{"start":{"line":20,"column":4},"end":{"line":34,"column":5}},{"start":{"line":22,"column":11},"end":{"line":34,"column":5}}]}},"s":{"0":0,"1":0,"2":0,"3":0,"4":0,"5":0,"6":0,"7":0,"8":0,"9":0,"10":0,"11":0,"12":0},"f":{"0":0,"1":0,"2":0},"b":{"0":[0,0,0,0,0,0],"1":[0,0]}}
}
